<?xml version="1.0" encoding="UTF-8"?>
<!-- Generated by org.testng.reporters.JUnitXMLReporter -->
<testsuite hostname="CBR-LAP-DEL2824" ignored="0" name="Test1" tests="4" failures="0" timestamp="13 Aug 2018 09:54:33 GMT" time="0.049" errors="0">
  <testcase name="createCustomer" time="0.006" classname="qsp1.DemoAB"/>
  <testcase name="createCustomer" time="0.002" classname="qsp1.DemoAB"/>
  <testcase name="createCustomer" time="0.002" classname="qsp1.DemoAB"/>
  <testcase name="deleteCustomer" time="0.002" classname="qsp1.DemoAB"/>
</testsuite> <!-- Test1 -->
