<?xml version="1.0" encoding="UTF-8"?>
<testng-results skipped="0" failed="0" ignored="0" total="1" passed="1">
  <reporter-output>
    <line>
      <![CDATA[Executing Login Script]]>
    </line>
  </reporter-output>
  <suite name="Default suite" duration-ms="30" started-at="2018-08-13T10:51:05Z" finished-at="2018-08-13T10:51:05Z">
    <groups>
    </groups>
    <test name="Default test" duration-ms="30" started-at="2018-08-13T10:51:05Z" finished-at="2018-08-13T10:51:05Z">
      <class name="qsp1.DemoF">
        <test-method status="PASS" signature="login()[pri:0, instance:qsp1.DemoF@1e965684]" name="login" duration-ms="10" started-at="2018-08-13T10:51:05Z" finished-at="2018-08-13T10:51:05Z">
          <reporter-output>
            <line>
              <![CDATA[Executing Login Script]]>
            </line>
          </reporter-output>
        </test-method> <!-- login -->
      </class> <!-- qsp1.DemoF -->
    </test> <!-- Default test -->
  </suite> <!-- Default suite -->
</testng-results>
